2024-07-04 16:20:53 [INFO ] BaseTest:52 - Extent report initialized for the Suite:01.Simple_Headless_TestSuite
2024-07-04 16:20:53 [DEBUG] PackageRelationshipCollection:307 - Parsing relationship: /xl/_rels/workbook.xml.rels
2024-07-04 16:20:53 [DEBUG] PackageRelationshipCollection:307 - Parsing relationship: /_rels/.rels
2024-07-04 16:20:57 [INFO ] BaseTest:69 - Launched the Application in Chrome
2024-07-04 16:20:58 [INFO ] BaseTest:23 - Clicked on Login Option and Login modal is displayed
2024-07-04 16:20:58 [INFO ] BaseTest:23 - Entered Username
2024-07-04 16:20:58 [INFO ] BaseTest:30 - Entered Password
2024-07-04 16:20:58 [INFO ] BaseTest:41 - Clicked on Login Button
2024-07-04 16:21:04 [INFO ] BaseTest:32 - Verified the username on Homepage
2024-07-04 16:21:04 [INFO ] BaseTest:87 - Browser is Closed
2024-07-04 16:21:04 [DEBUG] PackageRelationshipCollection:307 - Parsing relationship: /xl/_rels/workbook.xml.rels
2024-07-04 16:21:04 [DEBUG] PackageRelationshipCollection:307 - Parsing relationship: /_rels/.rels
2024-07-04 16:21:06 [INFO ] BaseTest:69 - Launched the Application in Chrome
2024-07-04 16:21:07 [INFO ] BaseTest:23 - Clicked on Login Option and Login modal is displayed
2024-07-04 16:21:07 [INFO ] BaseTest:23 - Entered Username
2024-07-04 16:21:07 [INFO ] BaseTest:30 - Entered Password
2024-07-04 16:21:07 [INFO ] BaseTest:41 - Clicked on Login Button
2024-07-04 16:21:08 [INFO ] BaseTest:49 - Verified Wrong password alert text
2024-07-04 16:21:08 [INFO ] BaseTest:87 - Browser is Closed
2024-07-04 16:21:08 [DEBUG] PackageRelationshipCollection:307 - Parsing relationship: /xl/_rels/workbook.xml.rels
2024-07-04 16:21:08 [DEBUG] PackageRelationshipCollection:307 - Parsing relationship: /_rels/.rels
2024-07-04 16:21:11 [INFO ] BaseTest:69 - Launched the Application in Chrome
2024-07-04 16:21:11 [INFO ] BaseTest:23 - Clicked on Login Option and Login modal is displayed
2024-07-04 16:21:12 [INFO ] BaseTest:23 - Entered Username
2024-07-04 16:21:12 [INFO ] BaseTest:30 - Entered Password
2024-07-04 16:21:12 [INFO ] BaseTest:41 - Clicked on Login Button
2024-07-04 16:21:13 [INFO ] BaseTest:57 - Verified User Not Exist alert text
2024-07-04 16:21:13 [INFO ] BaseTest:87 - Browser is Closed
2024-07-04 16:21:13 [INFO ] BaseTest:93 - Separated Test Method report
2024-07-04 16:27:13 [DEBUG] PackageRelationshipCollection:307 - Parsing relationship: /xl/_rels/workbook.xml.rels
2024-07-04 16:27:13 [DEBUG] PackageRelationshipCollection:307 - Parsing relationship: /_rels/.rels
2024-07-04 16:27:13 [DEBUG] PackageRelationshipCollection:307 - Parsing relationship: /xl/_rels/workbook.xml.rels
2024-07-04 16:27:13 [DEBUG] PackageRelationshipCollection:307 - Parsing relationship: /_rels/.rels
2024-07-04 16:27:13 [DEBUG] PackageRelationshipCollection:307 - Parsing relationship: /xl/_rels/workbook.xml.rels
2024-07-04 16:27:13 [DEBUG] PackageRelationshipCollection:307 - Parsing relationship: /_rels/.rels
2024-07-04 16:33:00 [DEBUG] PackageRelationshipCollection:307 - Parsing relationship: /xl/_rels/workbook.xml.rels
2024-07-04 16:33:00 [DEBUG] PackageRelationshipCollection:307 - Parsing relationship: /_rels/.rels
2024-07-04 16:33:01 [DEBUG] PackageRelationshipCollection:307 - Parsing relationship: /xl/_rels/workbook.xml.rels
2024-07-04 16:33:01 [DEBUG] PackageRelationshipCollection:307 - Parsing relationship: /_rels/.rels
2024-07-04 16:33:01 [DEBUG] PackageRelationshipCollection:307 - Parsing relationship: /xl/_rels/workbook.xml.rels
2024-07-04 16:33:01 [DEBUG] PackageRelationshipCollection:307 - Parsing relationship: /_rels/.rels
2024-07-04 16:34:49 [DEBUG] PackageRelationshipCollection:307 - Parsing relationship: /xl/_rels/workbook.xml.rels
2024-07-04 16:34:49 [DEBUG] PackageRelationshipCollection:307 - Parsing relationship: /_rels/.rels
2024-07-04 16:34:50 [DEBUG] PackageRelationshipCollection:307 - Parsing relationship: /xl/_rels/workbook.xml.rels
2024-07-04 16:34:50 [DEBUG] PackageRelationshipCollection:307 - Parsing relationship: /_rels/.rels
2024-07-04 16:34:50 [DEBUG] PackageRelationshipCollection:307 - Parsing relationship: /xl/_rels/workbook.xml.rels
2024-07-04 16:34:50 [DEBUG] PackageRelationshipCollection:307 - Parsing relationship: /_rels/.rels
2024-07-04 16:37:59 [INFO ] BaseTest:52 - Extent report initialized for the Suite:01.Smoke_Headless_TestSuite
2024-07-04 16:38:00 [DEBUG] PackageRelationshipCollection:307 - Parsing relationship: /xl/_rels/workbook.xml.rels
2024-07-04 16:38:00 [DEBUG] PackageRelationshipCollection:307 - Parsing relationship: /_rels/.rels
2024-07-04 16:38:03 [INFO ] BaseTest:69 - Launched the Application in Chrome
2024-07-04 16:38:04 [INFO ] BaseTest:23 - Clicked on Login Option and Login modal is displayed
2024-07-04 16:38:04 [INFO ] BaseTest:23 - Entered Username
2024-07-04 16:38:04 [INFO ] BaseTest:30 - Entered Password
2024-07-04 16:38:05 [INFO ] BaseTest:41 - Clicked on Login Button
2024-07-04 16:38:10 [INFO ] BaseTest:32 - Verified the username on Homepage
2024-07-04 16:38:10 [INFO ] BaseTest:87 - Browser is Closed
2024-07-04 16:38:10 [INFO ] BaseTest:93 - Separated Test Method report
2024-07-04 16:42:41 [INFO ] BaseTest:52 - Extent report initialized for the Suite:01.Smoke_TestSuite
2024-07-04 16:42:41 [DEBUG] PackageRelationshipCollection:307 - Parsing relationship: /xl/_rels/workbook.xml.rels
2024-07-04 16:42:41 [DEBUG] PackageRelationshipCollection:307 - Parsing relationship: /_rels/.rels
2024-07-04 16:42:45 [INFO ] BaseTest:69 - Launched the Application in Chrome
2024-07-04 16:42:46 [INFO ] BaseTest:87 - Browser is Closed
2024-07-04 16:44:06 [INFO ] BaseTest:52 - Extent report initialized for the Suite:01.Smoke_TestSuite
2024-07-04 16:44:07 [DEBUG] PackageRelationshipCollection:307 - Parsing relationship: /xl/_rels/workbook.xml.rels
2024-07-04 16:44:07 [DEBUG] PackageRelationshipCollection:307 - Parsing relationship: /_rels/.rels
2024-07-04 16:44:10 [INFO ] BaseTest:69 - Launched the Application in Chrome
2024-07-04 16:44:11 [INFO ] BaseTest:23 - Clicked on Login Option and Login modal is displayed
2024-07-04 16:44:12 [INFO ] BaseTest:23 - Entered Username
2024-07-04 16:44:12 [INFO ] BaseTest:30 - Entered Password
2024-07-04 16:44:12 [INFO ] BaseTest:41 - Clicked on Login Button
2024-07-04 16:44:17 [INFO ] BaseTest:32 - Verified the username on Homepage
2024-07-04 16:44:18 [INFO ] BaseTest:87 - Browser is Closed
2024-07-04 16:44:20 [INFO ] BaseTest:69 - Launched the Application in Chrome
2024-07-04 16:44:21 [INFO ] BaseTest:23 - Clicked on Login Option and Login modal is displayed
2024-07-04 16:44:23 [INFO ] BaseTest:65 - Clicked on "Close" button
2024-07-04 16:44:24 [INFO ] BaseTest:81 - Verified Login modal is closed
2024-07-04 16:44:24 [INFO ] BaseTest:87 - Browser is Closed
2024-07-04 16:44:25 [INFO ] BaseTest:93 - Separated Test Method report
2024-07-04 16:44:26 [DEBUG] PackageRelationshipCollection:307 - Parsing relationship: /xl/_rels/workbook.xml.rels
2024-07-04 16:44:26 [DEBUG] PackageRelationshipCollection:307 - Parsing relationship: /_rels/.rels
2024-07-04 16:44:32 [INFO ] BaseTest:69 - Launched the Application in Firefox
2024-07-04 16:44:32 [INFO ] BaseTest:23 - Clicked on Login Option and Login modal is displayed
2024-07-04 16:44:33 [INFO ] BaseTest:23 - Entered Username
2024-07-04 16:44:33 [INFO ] BaseTest:30 - Entered Password
2024-07-04 16:44:33 [INFO ] BaseTest:41 - Clicked on Login Button
2024-07-04 16:44:38 [INFO ] BaseTest:32 - Verified the username on Homepage
2024-07-04 16:44:40 [INFO ] BaseTest:87 - Browser is Closed
2024-07-04 16:44:45 [INFO ] BaseTest:69 - Launched the Application in Firefox
2024-07-04 16:44:45 [INFO ] BaseTest:23 - Clicked on Login Option and Login modal is displayed
2024-07-04 16:44:47 [INFO ] BaseTest:65 - Clicked on "Close" button
2024-07-04 16:44:48 [INFO ] BaseTest:81 - Verified Login modal is closed
2024-07-04 16:44:49 [INFO ] BaseTest:87 - Browser is Closed
2024-07-04 16:44:49 [INFO ] BaseTest:93 - Separated Test Method report
2024-07-04 16:44:49 [DEBUG] PackageRelationshipCollection:307 - Parsing relationship: /xl/_rels/workbook.xml.rels
2024-07-04 16:44:49 [DEBUG] PackageRelationshipCollection:307 - Parsing relationship: /_rels/.rels
2024-07-04 16:44:52 [INFO ] BaseTest:69 - Launched the Application in Edge
2024-07-04 16:44:53 [INFO ] BaseTest:23 - Clicked on Login Option and Login modal is displayed
2024-07-04 16:44:53 [INFO ] BaseTest:23 - Entered Username
2024-07-04 16:44:53 [INFO ] BaseTest:30 - Entered Password
2024-07-04 16:44:54 [INFO ] BaseTest:41 - Clicked on Login Button
2024-07-04 16:44:59 [INFO ] BaseTest:32 - Verified the username on Homepage
2024-07-04 16:45:00 [INFO ] BaseTest:87 - Browser is Closed
2024-07-04 16:45:03 [INFO ] BaseTest:69 - Launched the Application in Edge
2024-07-04 16:45:04 [INFO ] BaseTest:23 - Clicked on Login Option and Login modal is displayed
2024-07-04 16:45:06 [INFO ] BaseTest:65 - Clicked on "Close" button
2024-07-04 16:45:07 [INFO ] BaseTest:81 - Verified Login modal is closed
2024-07-04 16:45:08 [INFO ] BaseTest:87 - Browser is Closed
2024-07-04 16:45:08 [INFO ] BaseTest:93 - Separated Test Method report
2024-07-04 16:45:08 [INFO ] BaseTest:52 - Extent report initialized for the Suite:02.Integration_TestSuite
2024-07-04 16:45:08 [DEBUG] PackageRelationshipCollection:307 - Parsing relationship: /xl/_rels/workbook.xml.rels
2024-07-04 16:45:08 [DEBUG] PackageRelationshipCollection:307 - Parsing relationship: /_rels/.rels
2024-07-04 16:45:11 [INFO ] BaseTest:69 - Launched the Application in Chrome
2024-07-04 16:45:12 [INFO ] BaseTest:23 - Clicked on Login Option and Login modal is displayed
2024-07-04 16:45:12 [INFO ] BaseTest:23 - Entered Username
2024-07-04 16:45:12 [INFO ] BaseTest:30 - Entered Password
2024-07-04 16:45:13 [INFO ] BaseTest:41 - Clicked on Login Button
2024-07-04 16:45:13 [INFO ] BaseTest:57 - Verified User Not Exist alert text
2024-07-04 16:45:13 [INFO ] BaseTest:87 - Browser is Closed
2024-07-04 16:45:17 [INFO ] BaseTest:69 - Launched the Application in Chrome
2024-07-04 16:45:17 [INFO ] BaseTest:23 - Clicked on Login Option and Login modal is displayed
2024-07-04 16:45:19 [INFO ] BaseTest:73 - Clicked on "X" button
2024-07-04 16:45:20 [INFO ] BaseTest:81 - Verified Login modal is closed
2024-07-04 16:45:20 [INFO ] BaseTest:87 - Browser is Closed
2024-07-04 16:45:21 [INFO ] BaseTest:93 - Separated Test Method report
2024-07-04 16:45:21 [DEBUG] PackageRelationshipCollection:307 - Parsing relationship: /xl/_rels/workbook.xml.rels
2024-07-04 16:45:21 [DEBUG] PackageRelationshipCollection:307 - Parsing relationship: /_rels/.rels
2024-07-04 16:45:26 [INFO ] BaseTest:69 - Launched the Application in Firefox
2024-07-04 16:45:27 [INFO ] BaseTest:23 - Clicked on Login Option and Login modal is displayed
2024-07-04 16:45:27 [INFO ] BaseTest:23 - Entered Username
2024-07-04 16:45:27 [INFO ] BaseTest:30 - Entered Password
2024-07-04 16:45:28 [INFO ] BaseTest:41 - Clicked on Login Button
2024-07-04 16:45:28 [INFO ] BaseTest:57 - Verified User Not Exist alert text
2024-07-04 16:45:29 [INFO ] BaseTest:87 - Browser is Closed
2024-07-04 16:45:34 [INFO ] BaseTest:69 - Launched the Application in Firefox
2024-07-04 16:45:35 [INFO ] BaseTest:23 - Clicked on Login Option and Login modal is displayed
2024-07-04 16:45:37 [INFO ] BaseTest:73 - Clicked on "X" button
2024-07-04 16:45:37 [INFO ] BaseTest:81 - Verified Login modal is closed
2024-07-04 16:45:38 [INFO ] BaseTest:87 - Browser is Closed
2024-07-04 16:45:38 [INFO ] BaseTest:93 - Separated Test Method report
2024-07-04 16:45:38 [DEBUG] PackageRelationshipCollection:307 - Parsing relationship: /xl/_rels/workbook.xml.rels
2024-07-04 16:45:38 [DEBUG] PackageRelationshipCollection:307 - Parsing relationship: /_rels/.rels
2024-07-04 16:45:41 [INFO ] BaseTest:69 - Launched the Application in Edge
2024-07-04 16:45:42 [INFO ] BaseTest:23 - Clicked on Login Option and Login modal is displayed
2024-07-04 16:45:42 [INFO ] BaseTest:23 - Entered Username
2024-07-04 16:45:43 [INFO ] BaseTest:30 - Entered Password
2024-07-04 16:45:43 [INFO ] BaseTest:41 - Clicked on Login Button
2024-07-04 16:45:44 [INFO ] BaseTest:57 - Verified User Not Exist alert text
2024-07-04 16:45:46 [INFO ] BaseTest:87 - Browser is Closed
2024-07-04 16:45:48 [INFO ] BaseTest:69 - Launched the Application in Edge
2024-07-04 16:45:49 [INFO ] BaseTest:23 - Clicked on Login Option and Login modal is displayed
2024-07-04 16:45:52 [INFO ] BaseTest:73 - Clicked on "X" button
2024-07-04 16:45:52 [INFO ] BaseTest:81 - Verified Login modal is closed
2024-07-04 16:45:54 [INFO ] BaseTest:87 - Browser is Closed
2024-07-04 16:45:54 [INFO ] BaseTest:93 - Separated Test Method report
2024-07-04 16:45:54 [INFO ] BaseTest:52 - Extent report initialized for the Suite:03.Regression_TestSuite
2024-07-04 16:45:54 [DEBUG] PackageRelationshipCollection:307 - Parsing relationship: /xl/_rels/workbook.xml.rels
2024-07-04 16:45:54 [DEBUG] PackageRelationshipCollection:307 - Parsing relationship: /_rels/.rels
2024-07-04 16:45:56 [INFO ] BaseTest:69 - Launched the Application in Chrome
2024-07-04 16:45:58 [INFO ] BaseTest:23 - Clicked on Login Option and Login modal is displayed
2024-07-04 16:45:58 [INFO ] BaseTest:23 - Entered Username
2024-07-04 16:45:59 [INFO ] BaseTest:30 - Entered Password
2024-07-04 16:45:59 [INFO ] BaseTest:41 - Clicked on Login Button
2024-07-04 16:46:00 [INFO ] BaseTest:49 - Verified Wrong password alert text
2024-07-04 16:46:00 [INFO ] BaseTest:87 - Browser is Closed
2024-07-04 16:46:03 [INFO ] BaseTest:69 - Launched the Application in Chrome
2024-07-04 16:46:04 [INFO ] BaseTest:23 - Clicked on Login Option and Login modal is displayed
2024-07-04 16:46:06 [INFO ] BaseTest:73 - Clicked on "X" button
2024-07-04 16:46:07 [INFO ] BaseTest:81 - Verified Login modal is closed
2024-07-04 16:46:07 [INFO ] BaseTest:87 - Browser is Closed
2024-07-04 16:46:07 [INFO ] BaseTest:93 - Separated Test Method report
2024-07-04 16:46:07 [DEBUG] PackageRelationshipCollection:307 - Parsing relationship: /xl/_rels/workbook.xml.rels
2024-07-04 16:46:07 [DEBUG] PackageRelationshipCollection:307 - Parsing relationship: /_rels/.rels
2024-07-04 16:46:12 [INFO ] BaseTest:69 - Launched the Application in Firefox
2024-07-04 16:46:13 [INFO ] BaseTest:23 - Clicked on Login Option and Login modal is displayed
2024-07-04 16:46:13 [INFO ] BaseTest:23 - Entered Username
2024-07-04 16:46:13 [INFO ] BaseTest:30 - Entered Password
2024-07-04 16:46:14 [INFO ] BaseTest:41 - Clicked on Login Button
2024-07-04 16:46:15 [INFO ] BaseTest:49 - Verified Wrong password alert text
2024-07-04 16:46:16 [INFO ] BaseTest:87 - Browser is Closed
2024-07-04 16:46:21 [INFO ] BaseTest:69 - Launched the Application in Firefox
2024-07-04 16:46:21 [INFO ] BaseTest:23 - Clicked on Login Option and Login modal is displayed
2024-07-04 16:46:24 [INFO ] BaseTest:73 - Clicked on "X" button
2024-07-04 16:46:24 [INFO ] BaseTest:81 - Verified Login modal is closed
2024-07-04 16:46:25 [INFO ] BaseTest:87 - Browser is Closed
2024-07-04 16:46:25 [INFO ] BaseTest:93 - Separated Test Method report
2024-07-04 16:46:25 [DEBUG] PackageRelationshipCollection:307 - Parsing relationship: /xl/_rels/workbook.xml.rels
2024-07-04 16:46:25 [DEBUG] PackageRelationshipCollection:307 - Parsing relationship: /_rels/.rels
2024-07-04 16:46:28 [INFO ] BaseTest:69 - Launched the Application in Edge
2024-07-04 16:46:29 [INFO ] BaseTest:23 - Clicked on Login Option and Login modal is displayed
2024-07-04 16:46:29 [INFO ] BaseTest:23 - Entered Username
2024-07-04 16:46:29 [INFO ] BaseTest:30 - Entered Password
2024-07-04 16:46:29 [INFO ] BaseTest:41 - Clicked on Login Button
2024-07-04 16:46:30 [INFO ] BaseTest:49 - Verified Wrong password alert text
2024-07-04 16:46:32 [INFO ] BaseTest:87 - Browser is Closed
2024-07-04 16:46:34 [INFO ] BaseTest:69 - Launched the Application in Edge
2024-07-04 16:46:35 [INFO ] BaseTest:23 - Clicked on Login Option and Login modal is displayed
2024-07-04 16:46:38 [INFO ] BaseTest:73 - Clicked on "X" button
2024-07-04 16:46:38 [INFO ] BaseTest:81 - Verified Login modal is closed
2024-07-04 16:46:40 [INFO ] BaseTest:87 - Browser is Closed
2024-07-04 16:46:40 [INFO ] BaseTest:93 - Separated Test Method report
2024-07-04 16:46:40 [INFO ] BaseTest:52 - Extent report initialized for the Suite:01.Smoke_Headless_TestSuite
2024-07-04 16:46:40 [DEBUG] PackageRelationshipCollection:307 - Parsing relationship: /xl/_rels/workbook.xml.rels
2024-07-04 16:46:40 [DEBUG] PackageRelationshipCollection:307 - Parsing relationship: /_rels/.rels
2024-07-04 16:46:43 [INFO ] BaseTest:69 - Launched the Application in Chrome
2024-07-04 16:46:43 [INFO ] BaseTest:23 - Clicked on Login Option and Login modal is displayed
2024-07-04 16:46:43 [INFO ] BaseTest:23 - Entered Username
2024-07-04 16:46:44 [INFO ] BaseTest:30 - Entered Password
2024-07-04 16:46:44 [INFO ] BaseTest:41 - Clicked on Login Button
2024-07-04 16:46:49 [INFO ] BaseTest:32 - Verified the username on Homepage
2024-07-04 16:46:49 [INFO ] BaseTest:87 - Browser is Closed
2024-07-04 16:46:51 [INFO ] BaseTest:69 - Launched the Application in Chrome
2024-07-04 16:46:52 [INFO ] BaseTest:23 - Clicked on Login Option and Login modal is displayed
2024-07-04 16:46:54 [INFO ] BaseTest:65 - Clicked on "Close" button
2024-07-04 16:46:55 [INFO ] BaseTest:81 - Verified Login modal is closed
2024-07-04 16:46:55 [INFO ] BaseTest:87 - Browser is Closed
2024-07-04 16:46:55 [INFO ] BaseTest:93 - Separated Test Method report
2024-07-04 16:46:55 [DEBUG] PackageRelationshipCollection:307 - Parsing relationship: /xl/_rels/workbook.xml.rels
2024-07-04 16:46:55 [DEBUG] PackageRelationshipCollection:307 - Parsing relationship: /_rels/.rels
2024-07-04 16:46:59 [INFO ] BaseTest:69 - Launched the Application in Firefox
2024-07-04 16:46:59 [INFO ] BaseTest:23 - Clicked on Login Option and Login modal is displayed
2024-07-04 16:46:59 [INFO ] BaseTest:23 - Entered Username
2024-07-04 16:46:59 [INFO ] BaseTest:30 - Entered Password
2024-07-04 16:47:00 [INFO ] BaseTest:41 - Clicked on Login Button
2024-07-04 16:47:05 [INFO ] BaseTest:32 - Verified the username on Homepage
2024-07-04 16:47:06 [INFO ] BaseTest:87 - Browser is Closed
2024-07-04 16:47:10 [INFO ] BaseTest:69 - Launched the Application in Firefox
2024-07-04 16:47:11 [INFO ] BaseTest:23 - Clicked on Login Option and Login modal is displayed
2024-07-04 16:47:13 [INFO ] BaseTest:65 - Clicked on "Close" button
2024-07-04 16:47:13 [INFO ] BaseTest:81 - Verified Login modal is closed
2024-07-04 16:47:14 [INFO ] BaseTest:87 - Browser is Closed
2024-07-04 16:47:14 [INFO ] BaseTest:93 - Separated Test Method report
2024-07-04 16:47:14 [DEBUG] PackageRelationshipCollection:307 - Parsing relationship: /xl/_rels/workbook.xml.rels
2024-07-04 16:47:14 [DEBUG] PackageRelationshipCollection:307 - Parsing relationship: /_rels/.rels
2024-07-04 16:47:16 [INFO ] BaseTest:69 - Launched the Application in Edge
2024-07-04 16:47:17 [INFO ] BaseTest:23 - Clicked on Login Option and Login modal is displayed
2024-07-04 16:47:17 [INFO ] BaseTest:23 - Entered Username
2024-07-04 16:47:17 [INFO ] BaseTest:30 - Entered Password
2024-07-04 16:47:18 [INFO ] BaseTest:41 - Clicked on Login Button
2024-07-04 16:47:23 [INFO ] BaseTest:32 - Verified the username on Homepage
2024-07-04 16:47:24 [INFO ] BaseTest:87 - Browser is Closed
2024-07-04 16:47:26 [INFO ] BaseTest:69 - Launched the Application in Edge
2024-07-04 16:47:27 [INFO ] BaseTest:23 - Clicked on Login Option and Login modal is displayed
2024-07-04 16:47:29 [INFO ] BaseTest:65 - Clicked on "Close" button
2024-07-04 16:47:30 [INFO ] BaseTest:81 - Verified Login modal is closed
2024-07-04 16:47:31 [INFO ] BaseTest:87 - Browser is Closed
2024-07-04 16:47:31 [INFO ] BaseTest:93 - Separated Test Method report
2024-07-04 16:47:31 [INFO ] BaseTest:52 - Extent report initialized for the Suite:02.Integration_Headless_TestSuite
2024-07-04 16:47:31 [DEBUG] PackageRelationshipCollection:307 - Parsing relationship: /xl/_rels/workbook.xml.rels
2024-07-04 16:47:31 [DEBUG] PackageRelationshipCollection:307 - Parsing relationship: /_rels/.rels
2024-07-04 16:47:33 [INFO ] BaseTest:69 - Launched the Application in Chrome
2024-07-04 16:47:34 [INFO ] BaseTest:23 - Clicked on Login Option and Login modal is displayed
2024-07-04 16:47:34 [INFO ] BaseTest:23 - Entered Username
2024-07-04 16:47:34 [INFO ] BaseTest:30 - Entered Password
2024-07-04 16:47:35 [INFO ] BaseTest:41 - Clicked on Login Button
2024-07-04 16:47:36 [INFO ] BaseTest:57 - Verified User Not Exist alert text
2024-07-04 16:47:36 [INFO ] BaseTest:87 - Browser is Closed
2024-07-04 16:47:38 [INFO ] BaseTest:69 - Launched the Application in Chrome
2024-07-04 16:47:39 [INFO ] BaseTest:23 - Clicked on Login Option and Login modal is displayed
2024-07-04 16:47:41 [INFO ] BaseTest:73 - Clicked on "X" button
2024-07-04 16:47:42 [INFO ] BaseTest:81 - Verified Login modal is closed
2024-07-04 16:47:42 [INFO ] BaseTest:87 - Browser is Closed
2024-07-04 16:47:42 [INFO ] BaseTest:93 - Separated Test Method report
2024-07-04 16:47:42 [DEBUG] PackageRelationshipCollection:307 - Parsing relationship: /xl/_rels/workbook.xml.rels
2024-07-04 16:47:42 [DEBUG] PackageRelationshipCollection:307 - Parsing relationship: /_rels/.rels
2024-07-04 16:47:46 [INFO ] BaseTest:69 - Launched the Application in Firefox
2024-07-04 16:47:46 [INFO ] BaseTest:23 - Clicked on Login Option and Login modal is displayed
2024-07-04 16:47:46 [INFO ] BaseTest:23 - Entered Username
2024-07-04 16:47:46 [INFO ] BaseTest:30 - Entered Password
2024-07-04 16:47:47 [INFO ] BaseTest:41 - Clicked on Login Button
2024-07-04 16:47:47 [INFO ] BaseTest:57 - Verified User Not Exist alert text
2024-07-04 16:47:48 [INFO ] BaseTest:87 - Browser is Closed
2024-07-04 16:47:52 [INFO ] BaseTest:69 - Launched the Application in Firefox
2024-07-04 16:47:53 [INFO ] BaseTest:23 - Clicked on Login Option and Login modal is displayed
2024-07-04 16:47:55 [INFO ] BaseTest:73 - Clicked on "X" button
2024-07-04 16:47:55 [INFO ] BaseTest:81 - Verified Login modal is closed
2024-07-04 16:47:56 [INFO ] BaseTest:87 - Browser is Closed
2024-07-04 16:47:56 [INFO ] BaseTest:93 - Separated Test Method report
2024-07-04 16:47:56 [DEBUG] PackageRelationshipCollection:307 - Parsing relationship: /xl/_rels/workbook.xml.rels
2024-07-04 16:47:56 [DEBUG] PackageRelationshipCollection:307 - Parsing relationship: /_rels/.rels
2024-07-04 16:47:58 [INFO ] BaseTest:69 - Launched the Application in Edge
2024-07-04 16:47:59 [INFO ] BaseTest:23 - Clicked on Login Option and Login modal is displayed
2024-07-04 16:47:59 [INFO ] BaseTest:23 - Entered Username
2024-07-04 16:47:59 [INFO ] BaseTest:30 - Entered Password
2024-07-04 16:47:59 [INFO ] BaseTest:41 - Clicked on Login Button
2024-07-04 16:48:00 [INFO ] BaseTest:57 - Verified User Not Exist alert text
2024-07-04 16:48:02 [INFO ] BaseTest:87 - Browser is Closed
2024-07-04 16:48:04 [INFO ] BaseTest:69 - Launched the Application in Edge
2024-07-04 16:48:05 [INFO ] BaseTest:23 - Clicked on Login Option and Login modal is displayed
2024-07-04 16:48:07 [INFO ] BaseTest:73 - Clicked on "X" button
2024-07-04 16:48:08 [INFO ] BaseTest:81 - Verified Login modal is closed
2024-07-04 16:48:09 [INFO ] BaseTest:87 - Browser is Closed
2024-07-04 16:48:09 [INFO ] BaseTest:93 - Separated Test Method report
2024-07-04 16:48:09 [INFO ] BaseTest:52 - Extent report initialized for the Suite:03.Regression_Headless_TestSuite
2024-07-04 16:48:09 [DEBUG] PackageRelationshipCollection:307 - Parsing relationship: /xl/_rels/workbook.xml.rels
2024-07-04 16:48:09 [DEBUG] PackageRelationshipCollection:307 - Parsing relationship: /_rels/.rels
2024-07-04 16:48:12 [INFO ] BaseTest:69 - Launched the Application in Chrome
2024-07-04 16:48:12 [INFO ] BaseTest:23 - Clicked on Login Option and Login modal is displayed
2024-07-04 16:48:12 [INFO ] BaseTest:23 - Entered Username
2024-07-04 16:48:13 [INFO ] BaseTest:30 - Entered Password
2024-07-04 16:48:13 [INFO ] BaseTest:41 - Clicked on Login Button
2024-07-04 16:48:14 [INFO ] BaseTest:49 - Verified Wrong password alert text
2024-07-04 16:48:14 [INFO ] BaseTest:87 - Browser is Closed
2024-07-04 16:48:16 [INFO ] BaseTest:69 - Launched the Application in Chrome
2024-07-04 16:48:17 [INFO ] BaseTest:23 - Clicked on Login Option and Login modal is displayed
2024-07-04 16:48:19 [INFO ] BaseTest:73 - Clicked on "X" button
2024-07-04 16:48:19 [INFO ] BaseTest:81 - Verified Login modal is closed
2024-07-04 16:48:19 [INFO ] BaseTest:87 - Browser is Closed
2024-07-04 16:48:20 [INFO ] BaseTest:93 - Separated Test Method report
2024-07-04 16:48:20 [DEBUG] PackageRelationshipCollection:307 - Parsing relationship: /xl/_rels/workbook.xml.rels
2024-07-04 16:48:20 [DEBUG] PackageRelationshipCollection:307 - Parsing relationship: /_rels/.rels
2024-07-04 16:48:23 [INFO ] BaseTest:69 - Launched the Application in Firefox
2024-07-04 16:48:24 [INFO ] BaseTest:23 - Clicked on Login Option and Login modal is displayed
2024-07-04 16:48:24 [INFO ] BaseTest:23 - Entered Username
2024-07-04 16:48:24 [INFO ] BaseTest:30 - Entered Password
2024-07-04 16:48:24 [INFO ] BaseTest:41 - Clicked on Login Button
2024-07-04 16:48:25 [INFO ] BaseTest:49 - Verified Wrong password alert text
2024-07-04 16:48:26 [INFO ] BaseTest:87 - Browser is Closed
2024-07-04 16:48:30 [INFO ] BaseTest:69 - Launched the Application in Firefox
2024-07-04 16:48:30 [INFO ] BaseTest:23 - Clicked on Login Option and Login modal is displayed
2024-07-04 16:48:33 [INFO ] BaseTest:73 - Clicked on "X" button
2024-07-04 16:48:33 [INFO ] BaseTest:81 - Verified Login modal is closed
2024-07-04 16:48:34 [INFO ] BaseTest:87 - Browser is Closed
2024-07-04 16:48:34 [INFO ] BaseTest:93 - Separated Test Method report
2024-07-04 16:48:34 [DEBUG] PackageRelationshipCollection:307 - Parsing relationship: /xl/_rels/workbook.xml.rels
2024-07-04 16:48:34 [DEBUG] PackageRelationshipCollection:307 - Parsing relationship: /_rels/.rels
2024-07-04 16:48:36 [INFO ] BaseTest:69 - Launched the Application in Edge
2024-07-04 16:48:37 [INFO ] BaseTest:23 - Clicked on Login Option and Login modal is displayed
2024-07-04 16:48:37 [INFO ] BaseTest:23 - Entered Username
2024-07-04 16:48:37 [INFO ] BaseTest:30 - Entered Password
2024-07-04 16:48:37 [INFO ] BaseTest:41 - Clicked on Login Button
2024-07-04 16:48:38 [INFO ] BaseTest:49 - Verified Wrong password alert text
2024-07-04 16:48:40 [INFO ] BaseTest:87 - Browser is Closed
2024-07-04 16:48:42 [INFO ] BaseTest:69 - Launched the Application in Edge
2024-07-04 16:48:43 [INFO ] BaseTest:23 - Clicked on Login Option and Login modal is displayed
2024-07-04 16:48:45 [INFO ] BaseTest:73 - Clicked on "X" button
2024-07-04 16:48:45 [INFO ] BaseTest:81 - Verified Login modal is closed
2024-07-04 16:48:47 [INFO ] BaseTest:87 - Browser is Closed
2024-07-04 16:48:47 [INFO ] BaseTest:93 - Separated Test Method report
2024-07-04 16:48:47 [INFO ] BaseTest:52 - Extent report initialized for the Suite:01.Smoke_TestSuite
2024-07-04 16:48:47 [DEBUG] PackageRelationshipCollection:307 - Parsing relationship: /xl/_rels/workbook.xml.rels
2024-07-04 16:48:47 [DEBUG] PackageRelationshipCollection:307 - Parsing relationship: /_rels/.rels
2024-07-04 16:48:50 [INFO ] BaseTest:69 - Launched the Application in Chrome
2024-07-04 16:48:50 [INFO ] BaseTest:23 - Clicked on Login Option and Login modal is displayed
2024-07-04 16:48:50 [INFO ] BaseTest:23 - Entered Username
2024-07-04 16:48:51 [INFO ] BaseTest:87 - Browser is Closed
2024-07-04 16:55:44 [INFO ] BaseTest:52 - Extent report initialized for the Suite:01.Smoke_Headless_TestSuite
2024-07-04 16:55:44 [DEBUG] PackageRelationshipCollection:307 - Parsing relationship: /xl/_rels/workbook.xml.rels
2024-07-04 16:55:44 [DEBUG] PackageRelationshipCollection:307 - Parsing relationship: /_rels/.rels
2024-07-04 16:55:48 [INFO ] BaseTest:69 - Launched the Application in Chrome
2024-07-04 16:55:48 [INFO ] BaseTest:23 - Clicked on Login Option and Login modal is displayed
2024-07-04 16:55:48 [INFO ] BaseTest:23 - Entered Username
2024-07-04 16:55:49 [INFO ] BaseTest:30 - Entered Password
2024-07-04 16:55:49 [INFO ] BaseTest:41 - Clicked on Login Button
2024-07-04 16:55:54 [INFO ] BaseTest:32 - Verified the username on Homepage
2024-07-04 16:55:54 [INFO ] BaseTest:87 - Browser is Closed
2024-07-04 16:55:54 [INFO ] BaseTest:93 - Separated Test Method report
2024-07-04 16:58:21 [INFO ] BaseTest:52 - Extent report initialized for the Suite:01.Smoke_Headless_TestSuite
2024-07-04 16:58:21 [DEBUG] PackageRelationshipCollection:307 - Parsing relationship: /xl/_rels/workbook.xml.rels
2024-07-04 16:58:21 [DEBUG] PackageRelationshipCollection:307 - Parsing relationship: /xl/_rels/workbook.xml.rels
2024-07-04 16:58:21 [DEBUG] PackageRelationshipCollection:307 - Parsing relationship: /xl/_rels/workbook.xml.rels
2024-07-04 16:58:21 [DEBUG] PackageRelationshipCollection:307 - Parsing relationship: /_rels/.rels
2024-07-04 16:58:21 [DEBUG] PackageRelationshipCollection:307 - Parsing relationship: /_rels/.rels
2024-07-04 16:58:21 [DEBUG] PackageRelationshipCollection:307 - Parsing relationship: /_rels/.rels
2024-07-04 16:58:27 [INFO ] BaseTest:69 - Launched the Application in Edge
2024-07-04 16:58:28 [INFO ] BaseTest:69 - Launched the Application in Chrome
2024-07-04 16:58:31 [INFO ] BaseTest:69 - Launched the Application in Firefox
2024-07-04 16:58:32 [INFO ] BaseTest:23 - Clicked on Login Option and Login modal is displayed
2024-07-04 16:58:32 [INFO ] BaseTest:87 - Browser is Closed
2024-07-04 16:58:38 [INFO ] BaseTest:69 - Launched the Application in Firefox
2024-07-04 16:58:38 [INFO ] BaseTest:69 - Launched the Application in Edge
2024-07-04 16:58:39 [INFO ] BaseTest:23 - Clicked on Login Option and Login modal is displayed
2024-07-04 16:58:40 [INFO ] BaseTest:93 - Separated Test Method report
2024-07-04 16:58:40 [INFO ] BaseTest:87 - Browser is Closed
2024-07-04 16:58:45 [INFO ] BaseTest:69 - Launched the Application in Chrome
2024-07-04 16:58:45 [INFO ] BaseTest:69 - Launched the Application in Edge
2024-07-04 16:58:46 [INFO ] BaseTest:93 - Separated Test Method report
2024-07-04 16:58:47 [INFO ] BaseTest:87 - Browser is Closed
2024-07-04 16:58:52 [INFO ] BaseTest:69 - Launched the Application in Edge
2024-07-04 16:58:53 [INFO ] BaseTest:23 - Clicked on Login Option and Login modal is displayed
2024-07-04 16:58:55 [INFO ] BaseTest:65 - Clicked on "Close" button
2024-07-04 16:58:55 [INFO ] BaseTest:81 - Verified Login modal is closed
2024-07-04 16:58:57 [INFO ] BaseTest:87 - Browser is Closed
2024-07-04 16:58:57 [INFO ] BaseTest:93 - Separated Test Method report
2024-07-04 17:04:11 [INFO ] BaseTest:52 - Extent report initialized for the Suite:01.Smoke_Headless_TestSuite
2024-07-04 17:04:12 [DEBUG] PackageRelationshipCollection:307 - Parsing relationship: /xl/_rels/workbook.xml.rels
2024-07-04 17:04:12 [DEBUG] PackageRelationshipCollection:307 - Parsing relationship: /_rels/.rels
2024-07-04 17:04:16 [INFO ] BaseTest:69 - Launched the Application in Chrome
2024-07-04 17:04:16 [INFO ] BaseTest:69 - Launched the Application in Chrome
2024-07-04 17:04:18 [INFO ] BaseTest:23 - Clicked on Login Option and Login modal is displayed
2024-07-04 17:04:18 [INFO ] BaseTest:87 - Browser is Closed
2024-07-04 17:04:21 [INFO ] BaseTest:69 - Launched the Application in Chrome
2024-07-04 17:04:21 [INFO ] BaseTest:69 - Launched the Application in Chrome
2024-07-04 17:04:22 [INFO ] BaseTest:23 - Clicked on Login Option and Login modal is displayed
2024-07-04 17:04:22 [INFO ] BaseTest:87 - Browser is Closed
2024-07-04 17:04:51 [INFO ] BaseTest:52 - Extent report initialized for the Suite:01.Smoke_Headless_TestSuite
2024-07-04 17:04:51 [DEBUG] PackageRelationshipCollection:307 - Parsing relationship: /xl/_rels/workbook.xml.rels
2024-07-04 17:04:51 [DEBUG] PackageRelationshipCollection:307 - Parsing relationship: /_rels/.rels
2024-07-04 17:04:55 [INFO ] BaseTest:69 - Launched the Application in Chrome
2024-07-04 17:04:55 [INFO ] BaseTest:69 - Launched the Application in Chrome
2024-07-04 17:04:56 [INFO ] BaseTest:23 - Clicked on Login Option and Login modal is displayed
2024-07-04 17:04:57 [INFO ] BaseTest:87 - Browser is Closed
2024-07-04 17:05:00 [INFO ] BaseTest:69 - Launched the Application in Chrome
2024-07-04 17:05:00 [INFO ] BaseTest:69 - Launched the Application in Chrome
2024-07-04 17:05:01 [INFO ] BaseTest:23 - Clicked on Login Option and Login modal is displayed
2024-07-04 17:05:01 [INFO ] BaseTest:87 - Browser is Closed
2024-07-04 17:05:41 [INFO ] BaseTest:52 - Extent report initialized for the Suite:01.Smoke_Headless_TestSuite
2024-07-04 17:05:41 [DEBUG] PackageRelationshipCollection:307 - Parsing relationship: /xl/_rels/workbook.xml.rels
2024-07-04 17:05:41 [DEBUG] PackageRelationshipCollection:307 - Parsing relationship: /xl/_rels/workbook.xml.rels
2024-07-04 17:05:41 [DEBUG] PackageRelationshipCollection:307 - Parsing relationship: /xl/_rels/workbook.xml.rels
2024-07-04 17:05:41 [DEBUG] PackageRelationshipCollection:307 - Parsing relationship: /_rels/.rels
2024-07-04 17:05:41 [DEBUG] PackageRelationshipCollection:307 - Parsing relationship: /_rels/.rels
2024-07-04 17:05:41 [DEBUG] PackageRelationshipCollection:307 - Parsing relationship: /_rels/.rels
2024-07-04 17:05:46 [INFO ] BaseTest:69 - Launched the Application in Chrome
2024-07-04 17:05:47 [INFO ] BaseTest:69 - Launched the Application in Edge
2024-07-04 17:05:48 [INFO ] BaseTest:69 - Launched the Application in Firefox
2024-07-04 17:05:49 [INFO ] BaseTest:87 - Browser is Closed
2024-07-04 17:05:49 [INFO ] BaseTest:23 - Clicked on Login Option and Login modal is displayed
2024-07-04 17:05:50 [INFO ] BaseTest:87 - Browser is Closed
2024-07-04 17:05:52 [INFO ] BaseTest:69 - Launched the Application in Chrome
2024-07-04 17:05:53 [INFO ] BaseTest:23 - Clicked on Login Option and Login modal is displayed
2024-07-04 17:05:53 [INFO ] BaseTest:23 - Entered Username
2024-07-04 17:05:54 [INFO ] BaseTest:30 - Entered Password
2024-07-04 17:05:54 [INFO ] BaseTest:41 - Clicked on Login Button
2024-07-04 17:05:56 [INFO ] BaseTest:69 - Launched the Application in Edge
2024-07-04 17:05:56 [INFO ] BaseTest:69 - Launched the Application in Firefox
2024-07-04 17:05:57 [INFO ] BaseTest:23 - Clicked on Login Option and Login modal is displayed
2024-07-04 17:05:57 [INFO ] BaseTest:23 - Entered Username
2024-07-04 17:05:59 [INFO ] BaseTest:87 - Browser is Closed
2024-07-04 17:05:59 [INFO ] BaseTest:93 - Separated Test Method report
2024-07-04 17:05:59 [INFO ] BaseTest:93 - Separated Test Method report
2024-07-04 17:06:03 [INFO ] BaseTest:69 - Launched the Application in Firefox
2024-07-04 17:06:04 [INFO ] BaseTest:23 - Clicked on Login Option and Login modal is displayed
2024-07-04 17:06:06 [INFO ] BaseTest:65 - Clicked on "Close" button
2024-07-04 17:06:06 [INFO ] BaseTest:81 - Verified Login modal is closed
2024-07-04 17:06:07 [INFO ] BaseTest:87 - Browser is Closed
2024-07-04 17:06:07 [INFO ] BaseTest:93 - Separated Test Method report
2024-07-04 17:06:37 [INFO ] BaseTest:52 - Extent report initialized for the Suite:01.Smoke_Headless_TestSuite
2024-07-04 17:06:38 [DEBUG] PackageRelationshipCollection:307 - Parsing relationship: /xl/_rels/workbook.xml.rels
2024-07-04 17:06:38 [DEBUG] PackageRelationshipCollection:307 - Parsing relationship: /_rels/.rels
2024-07-04 17:06:42 [INFO ] BaseTest:69 - Launched the Application in Chrome
2024-07-04 17:06:42 [INFO ] BaseTest:69 - Launched the Application in Chrome
2024-07-04 17:06:43 [INFO ] BaseTest:23 - Clicked on Login Option and Login modal is displayed
2024-07-04 17:06:43 [INFO ] BaseTest:87 - Browser is Closed
2024-07-04 17:06:46 [INFO ] BaseTest:69 - Launched the Application in Chrome
2024-07-04 17:06:46 [INFO ] BaseTest:69 - Launched the Application in Chrome
2024-07-04 17:06:47 [INFO ] BaseTest:23 - Clicked on Login Option and Login modal is displayed
2024-07-04 17:06:48 [INFO ] BaseTest:87 - Browser is Closed
